<?xml version="1.0" encoding="UTF-8"?>
<testsuite xmlns:xsi="http://www.w3.org/2001/XMLSchema-instance" xsi:schemaLocation="https://maven.apache.org/surefire/maven-surefire-plugin/xsd/surefire-test-report.xsd" name="Projekt1.AllTest" time="0.099" tests="49" errors="0" skipped="0" failures="0">
  <properties>
[...]
</properties>
  <testcase name="Cyfrokrad_expected_IllegalArgumantException_with_null_Input" classname="Projekt1.Cyfrokrad" time="0.001"/>
  <testcase name="CzyCyfrokrad_different_from_input" classname="Projekt1.Cyfrokrad" time="0.002"/>
  <testcase name="CzyCyfrokrad_one_less_length_than_input" classname="Projekt1.Cyfrokrad" time="0.001"/>
  <testcase name="CzyCyfrokrad_works_properly" classname="Projekt1.Cyfrokrad" time="0.004"/>
  <testcase name="Cyfrokrad_is_Null_with_OneNumber_Input" classname="Projekt1.Cyfrokrad" time="0"/>
  <testcase name="CyfroKrad_Checking_difference_with_parameters[0]" classname="Projekt1.CyfrokradParametrized" time="0"/>
  <testcase name="CyfroKrad_Checking_difference_with_parameters[1]" classname="Projekt1.CyfrokradParametrized" time="0"/>
  <testcase name="CyfroKrad_Checking_difference_with_parameters[2]" classname="Projekt1.CyfrokradParametrized" time="0.001"/>
  <testcase name="CyfroKrad_Checking_difference_with_parameters[3]" classname="Projekt1.CyfrokradParametrized" time="0"/>
  <testcase name="CyfroKrad_Checking_difference_with_parameters[4]" classname="Projekt1.CyfrokradParametrized" time="0"/>
  <testcase name="HultajHochla_Expect_IAException_For_Null_Input" classname="Projekt1.HultajHochla" time="0"/>
  <testcase name="HultajHochla_Expect_NPException_For_One_Number" classname="Projekt1.HultajHochla" time="0"/>
  <testcase name="HultajHochla_Working_Properly" classname="Projekt1.HultajHochla" time="0.001"/>
  <testcase name="HultajHochla_Working_Properly_Bigger_Numbers_Assert_J" classname="Projekt1.HultajHochla" time="0.056"/>
  <testcase name="HultajHochla_Working_Properly_Bigger_Numbers" classname="Projekt1.HultajHochla" time="0"/>
  <testcase name="HultajHochla_Working_Properly_Negative_Bigger_Numbers_Assert_J" classname="Projekt1.HultajHochla" time="0.001"/>
  <testcase name="Nieksztaltek_Should_Change_one_Number" classname="Projekt1.Nieksztaltek" time="0.001"/>
  <testcase name="Nieksztaltek_Should_Change_Number_Three_to_Eight" classname="Projekt1.Nieksztaltek" time="0"/>
  <testcase name="Nieksztaltek_Should_Change_Number_Six_to_Nine" classname="Projekt1.Nieksztaltek" time="0.001"/>
  <testcase name="NumberChanger_Test_with_OtherValue" classname="Projekt1.Nieksztaltek" time="0"/>
  <testcase name="NumberChanger_Test_with_Six" classname="Projekt1.Nieksztaltek" time="0.001"/>
  <testcase name="Nieksztaltek_Should_Throw_Exection_with_null_Input" classname="Projekt1.Nieksztaltek" time="0"/>
  <testcase name="Nieksztaltek_Should_Non_Null_Different_Value" classname="Projekt1.Nieksztaltek" time="0"/>
  <testcase name="Nieksztaltek_Should_Return_Different_Value" classname="Projekt1.Nieksztaltek" time="0"/>
  <testcase name="Nieksztaltek_Should_Return_Value_Without_Changes" classname="Projekt1.Nieksztaltek" time="0"/>
  <testcase name="Nieksztaltek_Should_Change_Number_Seven_to_One" classname="Projekt1.Nieksztaltek" time="0"/>
  <testcase name="NumberChanger_Test_with_Seven" classname="Projekt1.Nieksztaltek" time="0"/>
  <testcase name="NumberChanger_Test_with_Three" classname="Projekt1.Nieksztaltek" time="0"/>
  <testcase name="Heheszki_Should_Be_Different_From_One_Is_Zero" classname="Projekt1.Heheszki" time="0.001"/>
  <testcase name="Heheszki_Proper_Input_Should_Be_Less_Than_Input" classname="Projekt1.Heheszki" time="0"/>
  <testcase name="Heheszki_Null_Input_Should_Throw_Exception" classname="Projekt1.Heheszki" time="0.001"/>
  <testcase name="Heheszki_Proper_Input_Should_Be_GreaterEqual_Than_Zero" classname="Projekt1.Heheszki" time="0"/>
  <testcase name="Heheszki_Zero_Input_Should_return_Zero" classname="Projekt1.Heheszki" time="0"/>
  <testcase name="Heheszki_Should_Be_Different_from_Input" classname="Projekt1.Heheszki" time="0"/>
  <testcase name="Heheszki_Lesser_Than_Zero_Should_Throw_Exception" classname="Projekt1.Heheszki" time="0"/>
  <testcase name="Heheszki_Proper_Input_Should_Be_Less_Than_Input[0]" classname="Projekt1.HeheszkiParametrized" time="0"/>
  <testcase name="Heheszki_Proper_Input_Should_Be_GreaterEqual_Than_Zero[0]" classname="Projekt1.HeheszkiParametrized" time="0"/>
  <testcase name="Heheszki_Proper_Input_Should_Be_Less_Than_Input[1]" classname="Projekt1.HeheszkiParametrized" time="0"/>
  <testcase name="Heheszki_Proper_Input_Should_Be_GreaterEqual_Than_Zero[1]" classname="Projekt1.HeheszkiParametrized" time="0"/>
  <testcase name="Heheszki_Proper_Input_Should_Be_Less_Than_Input[2]" classname="Projekt1.HeheszkiParametrized" time="0.001"/>
  <testcase name="Heheszki_Proper_Input_Should_Be_GreaterEqual_Than_Zero[2]" classname="Projekt1.HeheszkiParametrized" time="0"/>
  <testcase name="Heheszki_Proper_Input_Should_Be_Less_Than_Input[3]" classname="Projekt1.HeheszkiParametrized" time="0"/>
  <testcase name="Heheszki_Proper_Input_Should_Be_GreaterEqual_Than_Zero[3]" classname="Projekt1.HeheszkiParametrized" time="0"/>
  <testcase name="Heheszki_Proper_Input_Should_Be_Less_Than_Input[4]" classname="Projekt1.HeheszkiParametrized" time="0.001"/>
  <testcase name="Heheszki_Proper_Input_Should_Be_GreaterEqual_Than_Zero[4]" classname="Projekt1.HeheszkiParametrized" time="0"/>
  <testcase name="Should_return_Exception_With_Null_Input" classname="Projekt1.TiTit" time="0"/>
  <testcase name="Should_return_Exception_With_Zero_Input" classname="Projekt1.TiTit" time="0"/>
  <testcase name="Should_return_False_with_Incorrect_Input" classname="Projekt1.TiTit" time="0"/>
  <testcase name="Should_return_True_with_correct_Input" classname="Projekt1.TiTit" time="0"/>
</testsuite>